{"/home/eliavm/Projects/ogc-clients/packages/wfs-client/src/constants.ts": {"path":"/home/eliavm/Projects/ogc-clients/packages/wfs-client/src/constants.ts","statementMap":{"0":{"start":{"line":2,"column":16},"end":{"line":2,"column":46}},"1":{"start":{"line":3,"column":18},"end":{"line":3,"column":50}},"2":{"start":{"line":4,"column":18},"end":{"line":4,"column":50}},"3":{"start":{"line":5,"column":16},"end":{"line":5,"column":46}},"4":{"start":{"line":6,"column":26},"end":{"line":6,"column":66}},"5":{"start":{"line":7,"column":17},"end":{"line":7,"column":48}},"6":{"start":{"line":8,"column":19},"end":{"line":8,"column":52}},"7":{"start":{"line":9,"column":21},"end":{"line":9,"column":56}},"8":{"start":{"line":11,"column":18},"end":{"line":11,"column":50}},"9":{"start":{"line":12,"column":18},"end":{"line":12,"column":50}},"10":{"start":{"line":13,"column":18},"end":{"line":13,"column":50}},"11":{"start":{"line":15,"column":15},"end":{"line":15,"column":39}},"12":{"start":{"line":17,"column":32},"end":{"line":44,"column":1}},"13":{"start":{"line":19,"column":4},"end":{"line":41,"column":null}},"14":{"start":{"line":20,"column":8},"end":{"line":28,"column":11}},"15":{"start":{"line":29,"column":11},"end":{"line":41,"column":null}},"16":{"start":{"line":30,"column":8},"end":{"line":40,"column":11}},"17":{"start":{"line":43,"column":4},"end":{"line":43,"column":14}},"18":{"start":{"line":17,"column":13},"end":{"line":17,"column":32}}},"fnMap":{"0":{"name":"(anonymous_0)","decl":{"start":{"line":17,"column":32},"end":{"line":17,"column":33}},"loc":{"start":{"line":17,"column":49},"end":{"line":44,"column":1}}}},"branchMap":{"0":{"loc":{"start":{"line":19,"column":4},"end":{"line":41,"column":null}},"type":"if","locations":[{"start":{"line":19,"column":4},"end":{"line":41,"column":null}},{"start":{"line":29,"column":11},"end":{"line":41,"column":null}}]},"1":{"loc":{"start":{"line":29,"column":11},"end":{"line":41,"column":null}},"type":"if","locations":[{"start":{"line":29,"column":11},"end":{"line":41,"column":null}}]}},"s":{"0":1,"1":1,"2":1,"3":1,"4":1,"5":1,"6":1,"7":1,"8":1,"9":1,"10":1,"11":1,"12":1,"13":1,"14":0,"15":1,"16":1,"17":0,"18":1},"f":{"0":1},"b":{"0":[0,1],"1":[1]}}
,"/home/eliavm/Projects/ogc-clients/packages/wfs-client/src/filters.ts": {"path":"/home/eliavm/Projects/ogc-clients/packages/wfs-client/src/filters.ts","statementMap":{"0":{"start":{"line":1,"column":0},"end":{"line":1,"column":43}},"1":{"start":{"line":7,"column":0},"end":{"line":7,"column":9}},"2":{"start":{"line":7,"column":9},"end":{"line":7,"column":35}}},"fnMap":{"0":{"name":"(anonymous_0)","decl":{"start":{"line":7,"column":9},"end":{"line":7,"column":17}},"loc":{"start":{"line":7,"column":9},"end":{"line":7,"column":35}}}},"branchMap":{},"s":{"0":0,"1":0,"2":0},"f":{"0":0},"b":{}}
,"/home/eliavm/Projects/ogc-clients/packages/wfs-client/src/index.ts": {"path":"/home/eliavm/Projects/ogc-clients/packages/wfs-client/src/index.ts","statementMap":{"0":{"start":{"line":1,"column":0},"end":{"line":1,"column":29}}},"fnMap":{},"branchMap":{},"s":{"0":0},"f":{},"b":{}}
,"/home/eliavm/Projects/ogc-clients/packages/wfs-client/src/wfs-client.ts": {"path":"/home/eliavm/Projects/ogc-clients/packages/wfs-client/src/wfs-client.ts","statementMap":{"0":{"start":{"line":1,"column":0},"end":{"line":1,"column":53}},"1":{"start":{"line":2,"column":0},"end":{"line":2,"column":32}},"2":{"start":{"line":3,"column":0},"end":{"line":3,"column":45}},"3":{"start":{"line":5,"column":0},"end":{"line":5,"column":47}},"4":{"start":{"line":7,"column":13},"end":{"line":7,"column":33}},"5":{"start":{"line":8,"column":13},"end":{"line":8,"column":39}},"6":{"start":{"line":10,"column":0},"end":{"line":10,"column":13}},"7":{"start":{"line":15,"column":4},"end":{"line":15,"column":27}},"8":{"start":{"line":16,"column":4},"end":{"line":16,"column":27}},"9":{"start":{"line":19,"column":9},"end":{"line":36,"column":null}},"10":{"start":{"line":19,"column":32},"end":{"line":19,"column":null}},"11":{"start":{"line":19,"column":34},"end":{"line":19,"column":44}},"12":{"start":{"line":19,"column":44},"end":{"line":19,"column":94}},"13":{"start":{"line":20,"column":17},"end":{"line":20,"column":43}},"14":{"start":{"line":22,"column":20},"end":{"line":34,"column":27}},"15":{"start":{"line":35,"column":4},"end":{"line":35,"column":19}},"16":{"start":{"line":38,"column":9},"end":{"line":57,"column":null}},"17":{"start":{"line":38,"column":55},"end":{"line":38,"column":null}},"18":{"start":{"line":38,"column":57},"end":{"line":38,"column":69}},"19":{"start":{"line":38,"column":69},"end":{"line":38,"column":92}},"20":{"start":{"line":38,"column":92},"end":{"line":38,"column":102}},"21":{"start":{"line":38,"column":102},"end":{"line":38,"column":156}},"22":{"start":{"line":39,"column":17},"end":{"line":39,"column":43}},"23":{"start":{"line":41,"column":20},"end":{"line":54,"column":27}},"24":{"start":{"line":56,"column":4},"end":{"line":56,"column":19}},"25":{"start":{"line":59,"column":9},"end":{"line":88,"column":null}},"26":{"start":{"line":59,"column":29},"end":{"line":59,"column":41}},"27":{"start":{"line":59,"column":41},"end":{"line":59,"column":64}},"28":{"start":{"line":59,"column":64},"end":{"line":59,"column":74}},"29":{"start":{"line":59,"column":74},"end":{"line":59,"column":100}},"30":{"start":{"line":59,"column":104},"end":{"line":59,"column":125}},"31":{"start":{"line":60,"column":30},"end":{"line":62,"column":53}},"32":{"start":{"line":64,"column":27},"end":{"line":67,"column":null}},"33":{"start":{"line":70,"column":17},"end":{"line":70,"column":69}},"34":{"start":{"line":72,"column":17},"end":{"line":72,"column":43}},"35":{"start":{"line":74,"column":20},"end":{"line":85,"column":27}},"36":{"start":{"line":87,"column":4},"end":{"line":87,"column":19}},"37":{"start":{"line":90,"column":9},"end":{"line":107,"column":null}},"38":{"start":{"line":90,"column":32},"end":{"line":90,"column":null}},"39":{"start":{"line":91,"column":4},"end":{"line":106,"column":null}},"40":{"start":{"line":92,"column":28},"end":{"line":92,"column":58}},"41":{"start":{"line":95,"column":33},"end":{"line":95,"column":67}},"42":{"start":{"line":98,"column":19},"end":{"line":98,"column":85}},"43":{"start":{"line":99,"column":18},"end":{"line":99,"column":70}},"44":{"start":{"line":100,"column":6},"end":{"line":100,"column":61}},"45":{"start":{"line":102,"column":6},"end":{"line":102,"column":17}},"46":{"start":{"line":104,"column":6},"end":{"line":104,"column":null}},"47":{"start":{"line":105,"column":6},"end":{"line":105,"column":93}},"48":{"start":{"line":109,"column":10},"end":{"line":121,"column":null}},"49":{"start":{"line":110,"column":4},"end":{"line":120,"column":null}},"50":{"start":{"line":111,"column":25},"end":{"line":118,"column":9}},"51":{"start":{"line":111,"column":79},"end":{"line":118,"column":9}},"52":{"start":{"line":115,"column":65},"end":{"line":115,"column":74}},"53":{"start":{"line":119,"column":6},"end":{"line":119,"column":39}},"54":{"start":{"line":123,"column":10},"end":{"line":135,"column":null}},"55":{"start":{"line":123,"column":2},"end":{"line":123,"column":10}},"56":{"start":{"line":124,"column":4},"end":{"line":133,"column":null}},"57":{"start":{"line":125,"column":6},"end":{"line":125,"column":76}},"58":{"start":{"line":125,"column":26},"end":{"line":125,"column":75}},"59":{"start":{"line":126,"column":11},"end":{"line":133,"column":null}},"60":{"start":{"line":127,"column":6},"end":{"line":127,"column":32}},"61":{"start":{"line":128,"column":6},"end":{"line":132,"column":null}},"62":{"start":{"line":129,"column":8},"end":{"line":131,"column":null}},"63":{"start":{"line":130,"column":10},"end":{"line":130,"column":68}},"64":{"start":{"line":134,"column":4},"end":{"line":134,"column":15}},"65":{"start":{"line":136,"column":0},"end":{"line":136,"column":null}},"66":{"start":{"line":10,"column":13},"end":{"line":10,"column":22}}},"fnMap":{"0":{"name":"(anonymous_3)","decl":{"start":{"line":10,"column":0},"end":{"line":10,"column":13}},"loc":{"start":{"line":10,"column":0},"end":{"line":136,"column":null}}},"1":{"name":"WfsClient","decl":{"start":{"line":14,"column":2},"end":{"line":14,"column":21}},"loc":{"start":{"line":14,"column":54},"end":{"line":17,"column":3}}},"2":{"name":"(anonymous_5)","decl":{"start":{"line":19,"column":2},"end":{"line":19,"column":9}},"loc":{"start":{"line":19,"column":96},"end":{"line":36,"column":3}}},"3":{"name":"(anonymous_6)","decl":{"start":{"line":38,"column":2},"end":{"line":38,"column":9}},"loc":{"start":{"line":38,"column":158},"end":{"line":57,"column":3}}},"4":{"name":"(anonymous_7)","decl":{"start":{"line":59,"column":2},"end":{"line":59,"column":9}},"loc":{"start":{"line":59,"column":125},"end":{"line":88,"column":3}}},"5":{"name":"(anonymous_8)","decl":{"start":{"line":90,"column":2},"end":{"line":90,"column":9}},"loc":{"start":{"line":90,"column":53},"end":{"line":107,"column":3}}},"6":{"name":"(anonymous_9)","decl":{"start":{"line":109,"column":2},"end":{"line":109,"column":10}},"loc":{"start":{"line":109,"column":45},"end":{"line":121,"column":3}}},"7":{"name":"(anonymous_10)","decl":{"start":{"line":111,"column":61},"end":{"line":111,"column":62}},"loc":{"start":{"line":111,"column":74},"end":{"line":111,"column":80}}},"8":{"name":"(anonymous_11)","decl":{"start":{"line":115,"column":52},"end":{"line":115,"column":53}},"loc":{"start":{"line":115,"column":60},"end":{"line":115,"column":67}}},"9":{"name":"(anonymous_12)","decl":{"start":{"line":123,"column":2},"end":{"line":123,"column":10}},"loc":{"start":{"line":123,"column":64},"end":{"line":135,"column":3}}},"10":{"name":"(anonymous_13)","decl":{"start":{"line":125,"column":18},"end":{"line":125,"column":22}},"loc":{"start":{"line":125,"column":22},"end":{"line":125,"column":30}}}},"branchMap":{"0":{"loc":{"start":{"line":19,"column":32},"end":{"line":19,"column":null}},"type":"cond-expr","locations":[{"start":{"line":19,"column":94},"end":{"line":19,"column":96}},{"start":{"line":19,"column":96},"end":{"line":19,"column":null}}]},"1":{"loc":{"start":{"line":19,"column":44},"end":{"line":19,"column":94}},"type":"cond-expr","locations":[{"start":{"line":19,"column":47},"end":{"line":19,"column":65}},{"start":{"line":19,"column":65},"end":{"line":19,"column":94}}]},"2":{"loc":{"start":{"line":38,"column":55},"end":{"line":38,"column":null}},"type":"cond-expr","locations":[{"start":{"line":38,"column":156},"end":{"line":38,"column":158}},{"start":{"line":38,"column":158},"end":{"line":38,"column":null}}]},"3":{"loc":{"start":{"line":38,"column":69},"end":{"line":38,"column":92}},"type":"cond-expr","locations":[{"start":{"line":38,"column":72},"end":{"line":38,"column":90}},{"start":{"line":38,"column":90},"end":{"line":38,"column":92}}]},"4":{"loc":{"start":{"line":38,"column":102},"end":{"line":38,"column":156}},"type":"cond-expr","locations":[{"start":{"line":38,"column":105},"end":{"line":38,"column":123}},{"start":{"line":38,"column":123},"end":{"line":38,"column":156}}]},"5":{"loc":{"start":{"line":59,"column":41},"end":{"line":59,"column":64}},"type":"cond-expr","locations":[{"start":{"line":59,"column":44},"end":{"line":59,"column":62}},{"start":{"line":59,"column":62},"end":{"line":59,"column":64}}]},"6":{"loc":{"start":{"line":59,"column":74},"end":{"line":59,"column":100}},"type":"cond-expr","locations":[{"start":{"line":59,"column":77},"end":{"line":59,"column":95}},{"start":{"line":59,"column":95},"end":{"line":59,"column":100}}]},"7":{"loc":{"start":{"line":61,"column":7},"end":{"line":61,"column":57}},"type":"cond-expr","locations":[{"start":{"line":61,"column":34},"end":{"line":61,"column":41}},{"start":{"line":61,"column":44},"end":{"line":61,"column":57}}]},"8":{"loc":{"start":{"line":61,"column":60},"end":{"line":61,"column":107}},"type":"cond-expr","locations":[{"start":{"line":61,"column":90},"end":{"line":61,"column":94}},{"start":{"line":61,"column":94},"end":{"line":61,"column":107}}]},"9":{"loc":{"start":{"line":61,"column":60},"end":{"line":61,"column":94}},"type":"binary-expr","locations":[{"start":{"line":61,"column":60},"end":{"line":61,"column":94}},{"start":{"line":61,"column":90},"end":{"line":61,"column":94}}]},"10":{"loc":{"start":{"line":61,"column":60},"end":{"line":61,"column":90}},"type":"cond-expr","locations":[{"start":{"line":61,"column":70},"end":{"line":61,"column":74}},{"start":{"line":61,"column":74},"end":{"line":61,"column":90}}]},"11":{"loc":{"start":{"line":61,"column":60},"end":{"line":61,"column":74}},"type":"binary-expr","locations":[{"start":{"line":61,"column":60},"end":{"line":61,"column":74}},{"start":{"line":61,"column":70},"end":{"line":61,"column":74}}]},"12":{"loc":{"start":{"line":90,"column":32},"end":{"line":90,"column":null}},"type":"if","locations":[{"start":{"line":90,"column":32},"end":{"line":90,"column":null}}]},"13":{"loc":{"start":{"line":100,"column":6},"end":{"line":100,"column":60}},"type":"cond-expr","locations":[{"start":{"line":100,"column":6},"end":{"line":100,"column":20}},{"start":{"line":100,"column":24},"end":{"line":100,"column":60}}]},"14":{"loc":{"start":{"line":100,"column":6},"end":{"line":100,"column":24}},"type":"binary-expr","locations":[{"start":{"line":100,"column":6},"end":{"line":100,"column":24}},{"start":{"line":100,"column":6},"end":{"line":100,"column":24}}]},"15":{"loc":{"start":{"line":110,"column":4},"end":{"line":120,"column":null}},"type":"if","locations":[{"start":{"line":110,"column":4},"end":{"line":120,"column":null}}]},"16":{"loc":{"start":{"line":124,"column":4},"end":{"line":133,"column":null}},"type":"if","locations":[{"start":{"line":124,"column":4},"end":{"line":133,"column":null}},{"start":{"line":126,"column":11},"end":{"line":133,"column":null}}]},"17":{"loc":{"start":{"line":126,"column":11},"end":{"line":133,"column":null}},"type":"if","locations":[{"start":{"line":126,"column":11},"end":{"line":133,"column":null}}]},"18":{"loc":{"start":{"line":129,"column":8},"end":{"line":131,"column":null}},"type":"if","locations":[{"start":{"line":129,"column":8},"end":{"line":131,"column":null}}]}},"s":{"0":1,"1":1,"2":1,"3":1,"4":1,"5":1,"6":1,"7":2,"8":2,"9":1,"10":1,"11":1,"12":1,"13":1,"14":1,"15":1,"16":1,"17":0,"18":0,"19":0,"20":0,"21":0,"22":0,"23":0,"24":0,"25":1,"26":0,"27":0,"28":0,"29":0,"30":0,"31":0,"32":0,"33":0,"34":0,"35":0,"36":0,"37":1,"38":2,"39":1,"40":1,"41":1,"42":1,"43":1,"44":1,"45":1,"46":0,"47":0,"48":1,"49":0,"50":0,"51":0,"52":0,"53":0,"54":1,"55":44,"56":44,"57":11,"58":13,"59":33,"60":28,"61":28,"62":51,"63":30,"64":44,"65":1,"66":1},"f":{"0":1,"1":2,"2":1,"3":0,"4":0,"5":1,"6":0,"7":0,"8":0,"9":44,"10":13},"b":{"0":[1,0],"1":[1,0],"2":[0,0],"3":[0,0],"4":[0,0],"5":[0,0],"6":[0,0],"7":[0,0],"8":[0,0],"9":[0,0],"10":[0,0],"11":[0,0],"12":[1],"13":[1,0],"14":[1,1],"15":[0],"16":[11,33],"17":[28],"18":[30]}}
}
